{"C:\\Users\\Richeng Cheng\\Desktop\\340CT - Software Quality and Process Management\\8887597-chengr5\\modules\\LearningContent.js": {"path":"C:\\Users\\Richeng Cheng\\Desktop\\340CT - Software Quality and Process Management\\8887597-chengr5\\modules\\LearningContent.js","statementMap":{"0":{"start":{"line":4,"column":15},"end":{"line":4,"column":40}},"1":{"start":{"line":5,"column":11},"end":{"line":5,"column":30}},"2":{"start":{"line":6,"column":13},"end":{"line":6,"column":34}},"3":{"start":{"line":7,"column":15},"end":{"line":7,"column":38}},"4":{"start":{"line":9,"column":0},"end":{"line":168,"column":1}},"5":{"start":{"line":12,"column":8},"end":{"line":18,"column":12}},"6":{"start":{"line":13,"column":12},"end":{"line":13,"column":47}},"7":{"start":{"line":15,"column":24},"end":{"line":15,"column":128}},"8":{"start":{"line":16,"column":12},"end":{"line":16,"column":34}},"9":{"start":{"line":17,"column":12},"end":{"line":17,"column":23}},"10":{"start":{"line":22,"column":8},"end":{"line":35,"column":9}},"11":{"start":{"line":24,"column":12},"end":{"line":31,"column":13}},"12":{"start":{"line":25,"column":16},"end":{"line":25,"column":54}},"13":{"start":{"line":27,"column":34},"end":{"line":27,"column":60}},"14":{"start":{"line":28,"column":16},"end":{"line":28,"column":46}},"15":{"start":{"line":29,"column":38},"end":{"line":29,"column":49}},"16":{"start":{"line":30,"column":16},"end":{"line":30,"column":36}},"17":{"start":{"line":34,"column":12},"end":{"line":34,"column":21}},"18":{"start":{"line":41,"column":8},"end":{"line":52,"column":9}},"19":{"start":{"line":42,"column":12},"end":{"line":49,"column":13}},"20":{"start":{"line":43,"column":16},"end":{"line":43,"column":56}},"21":{"start":{"line":45,"column":34},"end":{"line":45,"column":58}},"22":{"start":{"line":47,"column":16},"end":{"line":47,"column":42}},"23":{"start":{"line":48,"column":16},"end":{"line":48,"column":27}},"24":{"start":{"line":51,"column":12},"end":{"line":51,"column":21}},"25":{"start":{"line":57,"column":8},"end":{"line":72,"column":9}},"26":{"start":{"line":60,"column":12},"end":{"line":69,"column":13}},"27":{"start":{"line":61,"column":16},"end":{"line":61,"column":54}},"28":{"start":{"line":64,"column":26},"end":{"line":64,"column":83}},"29":{"start":{"line":66,"column":42},"end":{"line":66,"column":64}},"30":{"start":{"line":68,"column":16},"end":{"line":68,"column":52}},"31":{"start":{"line":71,"column":12},"end":{"line":71,"column":21}},"32":{"start":{"line":77,"column":8},"end":{"line":86,"column":9}},"33":{"start":{"line":78,"column":12},"end":{"line":78,"column":62}},"34":{"start":{"line":78,"column":33},"end":{"line":78,"column":62}},"35":{"start":{"line":79,"column":12},"end":{"line":79,"column":72}},"36":{"start":{"line":79,"column":38},"end":{"line":79,"column":72}},"37":{"start":{"line":80,"column":12},"end":{"line":80,"column":80}},"38":{"start":{"line":80,"column":42},"end":{"line":80,"column":80}},"39":{"start":{"line":81,"column":22},"end":{"line":81,"column":123}},"40":{"start":{"line":82,"column":12},"end":{"line":82,"column":34}},"41":{"start":{"line":83,"column":12},"end":{"line":83,"column":23}},"42":{"start":{"line":85,"column":12},"end":{"line":85,"column":21}},"43":{"start":{"line":92,"column":18},"end":{"line":92,"column":65}},"44":{"start":{"line":93,"column":21},"end":{"line":93,"column":43}},"45":{"start":{"line":94,"column":8},"end":{"line":94,"column":19}},"46":{"start":{"line":101,"column":18},"end":{"line":103,"column":54}},"47":{"start":{"line":104,"column":21},"end":{"line":104,"column":43}},"48":{"start":{"line":106,"column":8},"end":{"line":106,"column":19}},"49":{"start":{"line":113,"column":18},"end":{"line":113,"column":51}},"50":{"start":{"line":114,"column":21},"end":{"line":114,"column":43}},"51":{"start":{"line":116,"column":8},"end":{"line":116,"column":19}},"52":{"start":{"line":122,"column":18},"end":{"line":122,"column":65}},"53":{"start":{"line":123,"column":8},"end":{"line":123,"column":30}},"54":{"start":{"line":125,"column":8},"end":{"line":125,"column":19}},"55":{"start":{"line":130,"column":8},"end":{"line":165,"column":9}},"56":{"start":{"line":133,"column":12},"end":{"line":133,"column":64}},"57":{"start":{"line":133,"column":26},"end":{"line":133,"column":64}},"58":{"start":{"line":135,"column":23},"end":{"line":135,"column":35}},"59":{"start":{"line":138,"column":26},"end":{"line":138,"column":35}},"60":{"start":{"line":140,"column":12},"end":{"line":161,"column":13}},"61":{"start":{"line":141,"column":16},"end":{"line":141,"column":68}},"62":{"start":{"line":145,"column":16},"end":{"line":158,"column":17}},"63":{"start":{"line":147,"column":30},"end":{"line":149,"column":34}},"64":{"start":{"line":150,"column":20},"end":{"line":150,"column":42}},"65":{"start":{"line":153,"column":30},"end":{"line":155,"column":40}},"66":{"start":{"line":157,"column":20},"end":{"line":157,"column":42}},"67":{"start":{"line":160,"column":16},"end":{"line":160,"column":27}},"68":{"start":{"line":164,"column":12},"end":{"line":164,"column":21}}},"fnMap":{"0":{"name":"(anonymous_0)","decl":{"start":{"line":11,"column":4},"end":{"line":11,"column":5}},"loc":{"start":{"line":11,"column":37},"end":{"line":19,"column":5}},"line":11},"1":{"name":"(anonymous_1)","decl":{"start":{"line":12,"column":16},"end":{"line":12,"column":17}},"loc":{"start":{"line":12,"column":28},"end":{"line":18,"column":9}},"line":12},"2":{"name":"(anonymous_2)","decl":{"start":{"line":21,"column":4},"end":{"line":21,"column":5}},"loc":{"start":{"line":21,"column":34},"end":{"line":36,"column":5}},"line":21},"3":{"name":"(anonymous_3)","decl":{"start":{"line":40,"column":4},"end":{"line":40,"column":5}},"loc":{"start":{"line":40,"column":30},"end":{"line":53,"column":5}},"line":40},"4":{"name":"(anonymous_4)","decl":{"start":{"line":56,"column":4},"end":{"line":56,"column":5}},"loc":{"start":{"line":56,"column":28},"end":{"line":73,"column":5}},"line":56},"5":{"name":"(anonymous_5)","decl":{"start":{"line":76,"column":4},"end":{"line":76,"column":5}},"loc":{"start":{"line":76,"column":61},"end":{"line":87,"column":5}},"line":76},"6":{"name":"(anonymous_6)","decl":{"start":{"line":90,"column":4},"end":{"line":90,"column":5}},"loc":{"start":{"line":90,"column":22},"end":{"line":96,"column":5}},"line":90},"7":{"name":"(anonymous_7)","decl":{"start":{"line":98,"column":4},"end":{"line":98,"column":5}},"loc":{"start":{"line":98,"column":26},"end":{"line":108,"column":5}},"line":98},"8":{"name":"(anonymous_8)","decl":{"start":{"line":110,"column":4},"end":{"line":110,"column":5}},"loc":{"start":{"line":110,"column":33},"end":{"line":117,"column":5}},"line":110},"9":{"name":"(anonymous_9)","decl":{"start":{"line":120,"column":4},"end":{"line":120,"column":5}},"loc":{"start":{"line":120,"column":31},"end":{"line":127,"column":5}},"line":120},"10":{"name":"(anonymous_10)","decl":{"start":{"line":129,"column":4},"end":{"line":129,"column":5}},"loc":{"start":{"line":129,"column":53},"end":{"line":166,"column":5}},"line":129}},"branchMap":{"0":{"loc":{"start":{"line":11,"column":16},"end":{"line":11,"column":35}},"type":"default-arg","locations":[{"start":{"line":11,"column":25},"end":{"line":11,"column":35}}],"line":11},"1":{"loc":{"start":{"line":24,"column":12},"end":{"line":31,"column":13}},"type":"if","locations":[{"start":{"line":24,"column":12},"end":{"line":31,"column":13}},{"start":{"line":24,"column":12},"end":{"line":31,"column":13}}],"line":24},"2":{"loc":{"start":{"line":42,"column":12},"end":{"line":49,"column":13}},"type":"if","locations":[{"start":{"line":42,"column":12},"end":{"line":49,"column":13}},{"start":{"line":42,"column":12},"end":{"line":49,"column":13}}],"line":42},"3":{"loc":{"start":{"line":60,"column":12},"end":{"line":69,"column":13}},"type":"if","locations":[{"start":{"line":60,"column":12},"end":{"line":69,"column":13}},{"start":{"line":60,"column":12},"end":{"line":69,"column":13}}],"line":60},"4":{"loc":{"start":{"line":78,"column":12},"end":{"line":78,"column":62}},"type":"if","locations":[{"start":{"line":78,"column":12},"end":{"line":78,"column":62}},{"start":{"line":78,"column":12},"end":{"line":78,"column":62}}],"line":78},"5":{"loc":{"start":{"line":79,"column":12},"end":{"line":79,"column":72}},"type":"if","locations":[{"start":{"line":79,"column":12},"end":{"line":79,"column":72}},{"start":{"line":79,"column":12},"end":{"line":79,"column":72}}],"line":79},"6":{"loc":{"start":{"line":80,"column":12},"end":{"line":80,"column":80}},"type":"if","locations":[{"start":{"line":80,"column":12},"end":{"line":80,"column":80}},{"start":{"line":80,"column":12},"end":{"line":80,"column":80}}],"line":80},"7":{"loc":{"start":{"line":133,"column":12},"end":{"line":133,"column":64}},"type":"if","locations":[{"start":{"line":133,"column":12},"end":{"line":133,"column":64}},{"start":{"line":133,"column":12},"end":{"line":133,"column":64}}],"line":133},"8":{"loc":{"start":{"line":140,"column":12},"end":{"line":161,"column":13}},"type":"if","locations":[{"start":{"line":140,"column":12},"end":{"line":161,"column":13}},{"start":{"line":140,"column":12},"end":{"line":161,"column":13}}],"line":140},"9":{"loc":{"start":{"line":145,"column":16},"end":{"line":158,"column":17}},"type":"if","locations":[{"start":{"line":145,"column":16},"end":{"line":158,"column":17}},{"start":{"line":145,"column":16},"end":{"line":158,"column":17}}],"line":145}},"s":{"0":1,"1":1,"2":1,"3":1,"4":1,"5":19,"6":19,"7":19,"8":19,"9":19,"10":2,"11":2,"12":1,"13":1,"14":1,"15":1,"16":1,"17":1,"18":2,"19":2,"20":1,"21":1,"22":1,"23":1,"24":1,"25":2,"26":2,"27":1,"28":1,"29":1,"30":1,"31":1,"32":17,"33":17,"34":1,"35":16,"36":1,"37":15,"38":1,"39":14,"40":14,"41":14,"42":3,"43":4,"44":4,"45":4,"46":1,"47":1,"48":1,"49":2,"50":2,"51":2,"52":1,"53":1,"54":1,"55":5,"56":5,"57":1,"58":4,"59":4,"60":4,"61":1,"62":3,"63":1,"64":1,"65":2,"66":2,"67":3,"68":2},"f":{"0":19,"1":19,"2":2,"3":2,"4":2,"5":17,"6":4,"7":1,"8":2,"9":1,"10":5},"b":{"0":[19],"1":[1,1],"2":[1,1],"3":[1,1],"4":[1,16],"5":[1,15],"6":[1,14],"7":[1,4],"8":[1,3],"9":[1,2]},"_coverageSchema":"43e27e138ebf9cfc5966b082cf9a028302ed4184","hash":"a162f403789810fedba745d1f7c7def12ae72763"}
,"C:\\Users\\Richeng Cheng\\Desktop\\340CT - Software Quality and Process Management\\8887597-chengr5\\modules\\QuestionContent.js": {"path":"C:\\Users\\Richeng Cheng\\Desktop\\340CT - Software Quality and Process Management\\8887597-chengr5\\modules\\QuestionContent.js","statementMap":{"0":{"start":{"line":4,"column":15},"end":{"line":4,"column":40}},"1":{"start":{"line":6,"column":13},"end":{"line":6,"column":34}},"2":{"start":{"line":7,"column":15},"end":{"line":7,"column":38}},"3":{"start":{"line":10,"column":0},"end":{"line":102,"column":1}},"4":{"start":{"line":15,"column":8},"end":{"line":21,"column":12}},"5":{"start":{"line":16,"column":12},"end":{"line":16,"column":47}},"6":{"start":{"line":18,"column":24},"end":{"line":18,"column":208}},"7":{"start":{"line":19,"column":12},"end":{"line":19,"column":34}},"8":{"start":{"line":20,"column":12},"end":{"line":20,"column":23}},"9":{"start":{"line":29,"column":12},"end":{"line":29,"column":52}},"10":{"start":{"line":30,"column":22},"end":{"line":30,"column":123}},"11":{"start":{"line":32,"column":24},"end":{"line":32,"column":46}},"12":{"start":{"line":34,"column":12},"end":{"line":34,"column":50}},"13":{"start":{"line":36,"column":12},"end":{"line":36,"column":24}},"14":{"start":{"line":45,"column":22},"end":{"line":45,"column":69}},"15":{"start":{"line":46,"column":25},"end":{"line":46,"column":47}},"16":{"start":{"line":47,"column":12},"end":{"line":47,"column":23}},"17":{"start":{"line":55,"column":22},"end":{"line":55,"column":97}},"18":{"start":{"line":56,"column":25},"end":{"line":56,"column":47}},"19":{"start":{"line":57,"column":12},"end":{"line":57,"column":23}},"20":{"start":{"line":64,"column":22},"end":{"line":65,"column":133}},"21":{"start":{"line":66,"column":13},"end":{"line":66,"column":35}},"22":{"start":{"line":75,"column":22},"end":{"line":76,"column":73}},"23":{"start":{"line":77,"column":25},"end":{"line":77,"column":47}},"24":{"start":{"line":78,"column":12},"end":{"line":78,"column":23}},"25":{"start":{"line":84,"column":18},"end":{"line":86,"column":55}},"26":{"start":{"line":87,"column":21},"end":{"line":87,"column":43}},"27":{"start":{"line":88,"column":8},"end":{"line":88,"column":25}},"28":{"start":{"line":89,"column":8},"end":{"line":89,"column":19}},"29":{"start":{"line":95,"column":18},"end":{"line":95,"column":65}},"30":{"start":{"line":96,"column":8},"end":{"line":96,"column":30}},"31":{"start":{"line":97,"column":8},"end":{"line":97,"column":19}}},"fnMap":{"0":{"name":"(anonymous_0)","decl":{"start":{"line":14,"column":4},"end":{"line":14,"column":5}},"loc":{"start":{"line":14,"column":37},"end":{"line":22,"column":5}},"line":14},"1":{"name":"(anonymous_1)","decl":{"start":{"line":15,"column":16},"end":{"line":15,"column":17}},"loc":{"start":{"line":15,"column":28},"end":{"line":21,"column":9}},"line":15},"2":{"name":"(anonymous_2)","decl":{"start":{"line":26,"column":4},"end":{"line":26,"column":5}},"loc":{"start":{"line":26,"column":49},"end":{"line":38,"column":5}},"line":26},"3":{"name":"(anonymous_3)","decl":{"start":{"line":43,"column":4},"end":{"line":43,"column":5}},"loc":{"start":{"line":43,"column":22},"end":{"line":49,"column":5}},"line":43},"4":{"name":"(anonymous_4)","decl":{"start":{"line":53,"column":4},"end":{"line":53,"column":5}},"loc":{"start":{"line":53,"column":40},"end":{"line":59,"column":5}},"line":53},"5":{"name":"(anonymous_5)","decl":{"start":{"line":62,"column":4},"end":{"line":62,"column":5}},"loc":{"start":{"line":62,"column":87},"end":{"line":69,"column":5}},"line":62},"6":{"name":"(anonymous_6)","decl":{"start":{"line":71,"column":4},"end":{"line":71,"column":5}},"loc":{"start":{"line":71,"column":76},"end":{"line":80,"column":5}},"line":71},"7":{"name":"(anonymous_7)","decl":{"start":{"line":82,"column":4},"end":{"line":82,"column":5}},"loc":{"start":{"line":82,"column":34},"end":{"line":91,"column":5}},"line":82},"8":{"name":"(anonymous_8)","decl":{"start":{"line":93,"column":4},"end":{"line":93,"column":5}},"loc":{"start":{"line":93,"column":32},"end":{"line":99,"column":5}},"line":93}},"branchMap":{"0":{"loc":{"start":{"line":14,"column":16},"end":{"line":14,"column":35}},"type":"default-arg","locations":[{"start":{"line":14,"column":25},"end":{"line":14,"column":35}}],"line":14}},"s":{"0":1,"1":1,"2":1,"3":1,"4":7,"5":7,"6":7,"7":7,"8":7,"9":1,"10":1,"11":1,"12":1,"13":1,"14":3,"15":3,"16":3,"17":2,"18":2,"19":2,"20":18,"21":18,"22":1,"23":1,"24":1,"25":1,"26":1,"27":1,"28":1,"29":1,"30":1,"31":1},"f":{"0":7,"1":7,"2":1,"3":3,"4":2,"5":18,"6":1,"7":1,"8":1},"b":{"0":[7]},"_coverageSchema":"43e27e138ebf9cfc5966b082cf9a028302ed4184","hash":"aba4193c6c3b912c932f50fe795976f000315801"}
,"C:\\Users\\Richeng Cheng\\Desktop\\340CT - Software Quality and Process Management\\8887597-chengr5\\modules\\Score.js": {"path":"C:\\Users\\Richeng Cheng\\Desktop\\340CT - Software Quality and Process Management\\8887597-chengr5\\modules\\Score.js","statementMap":{"0":{"start":{"line":3,"column":15},"end":{"line":3,"column":40}},"1":{"start":{"line":4,"column":13},"end":{"line":4,"column":34}},"2":{"start":{"line":5,"column":15},"end":{"line":5,"column":38}},"3":{"start":{"line":8,"column":0},"end":{"line":56,"column":1}},"4":{"start":{"line":12,"column":2},"end":{"line":18,"column":6}},"5":{"start":{"line":13,"column":3},"end":{"line":13,"column":38}},"6":{"start":{"line":15,"column":15},"end":{"line":15,"column":149}},"7":{"start":{"line":16,"column":3},"end":{"line":16,"column":25}},"8":{"start":{"line":17,"column":3},"end":{"line":17,"column":14}},"9":{"start":{"line":24,"column":3},"end":{"line":24,"column":68}},"10":{"start":{"line":25,"column":13},"end":{"line":25,"column":67}},"11":{"start":{"line":26,"column":15},"end":{"line":26,"column":37}},"12":{"start":{"line":27,"column":3},"end":{"line":27,"column":51}},"13":{"start":{"line":28,"column":3},"end":{"line":28,"column":14}},"14":{"start":{"line":37,"column":3},"end":{"line":37,"column":51}},"15":{"start":{"line":38,"column":13},"end":{"line":38,"column":139}},"16":{"start":{"line":39,"column":15},"end":{"line":39,"column":37}},"17":{"start":{"line":40,"column":3},"end":{"line":40,"column":20}},"18":{"start":{"line":41,"column":3},"end":{"line":41,"column":14}},"19":{"start":{"line":47,"column":18},"end":{"line":49,"column":50}},"20":{"start":{"line":50,"column":21},"end":{"line":50,"column":43}},"21":{"start":{"line":51,"column":8},"end":{"line":51,"column":25}},"22":{"start":{"line":52,"column":8},"end":{"line":52,"column":19}}},"fnMap":{"0":{"name":"(anonymous_0)","decl":{"start":{"line":11,"column":1},"end":{"line":11,"column":2}},"loc":{"start":{"line":11,"column":34},"end":{"line":19,"column":2}},"line":11},"1":{"name":"(anonymous_1)","decl":{"start":{"line":12,"column":10},"end":{"line":12,"column":11}},"loc":{"start":{"line":12,"column":21},"end":{"line":18,"column":3}},"line":12},"2":{"name":"(anonymous_2)","decl":{"start":{"line":22,"column":4},"end":{"line":22,"column":5}},"loc":{"start":{"line":22,"column":40},"end":{"line":30,"column":2}},"line":22},"3":{"name":"(anonymous_3)","decl":{"start":{"line":35,"column":1},"end":{"line":35,"column":2}},"loc":{"start":{"line":35,"column":58},"end":{"line":43,"column":2}},"line":35},"4":{"name":"(anonymous_4)","decl":{"start":{"line":45,"column":1},"end":{"line":45,"column":2}},"loc":{"start":{"line":45,"column":28},"end":{"line":54,"column":5}},"line":45}},"branchMap":{"0":{"loc":{"start":{"line":11,"column":13},"end":{"line":11,"column":32}},"type":"default-arg","locations":[{"start":{"line":11,"column":22},"end":{"line":11,"column":32}}],"line":11}},"s":{"0":1,"1":1,"2":1,"3":1,"4":2,"5":2,"6":2,"7":2,"8":2,"9":1,"10":1,"11":1,"12":1,"13":1,"14":3,"15":3,"16":3,"17":3,"18":3,"19":1,"20":1,"21":1,"22":1},"f":{"0":2,"1":2,"2":1,"3":3,"4":1},"b":{"0":[2]},"_coverageSchema":"43e27e138ebf9cfc5966b082cf9a028302ed4184","hash":"cd47d868b8dd1f690e5d8f6d8cc6e1df15414154"}
,"C:\\Users\\Richeng Cheng\\Desktop\\340CT - Software Quality and Process Management\\8887597-chengr5\\modules\\admin.js": {"path":"C:\\Users\\Richeng Cheng\\Desktop\\340CT - Software Quality and Process Management\\8887597-chengr5\\modules\\admin.js","statementMap":{"0":{"start":{"line":3,"column":15},"end":{"line":3,"column":40}},"1":{"start":{"line":4,"column":13},"end":{"line":4,"column":34}},"2":{"start":{"line":5,"column":15},"end":{"line":5,"column":38}},"3":{"start":{"line":6,"column":19},"end":{"line":6,"column":21}},"4":{"start":{"line":8,"column":0},"end":{"line":51,"column":1}},"5":{"start":{"line":11,"column":2},"end":{"line":17,"column":6}},"6":{"start":{"line":12,"column":3},"end":{"line":12,"column":38}},"7":{"start":{"line":14,"column":15},"end":{"line":14,"column":113}},"8":{"start":{"line":15,"column":3},"end":{"line":15,"column":25}},"9":{"start":{"line":16,"column":3},"end":{"line":16,"column":14}},"10":{"start":{"line":21,"column":2},"end":{"line":33,"column":3}},"11":{"start":{"line":22,"column":3},"end":{"line":22,"column":63}},"12":{"start":{"line":22,"column":26},"end":{"line":22,"column":63}},"13":{"start":{"line":23,"column":3},"end":{"line":23,"column":60}},"14":{"start":{"line":23,"column":25},"end":{"line":23,"column":60}},"15":{"start":{"line":24,"column":13},"end":{"line":24,"column":78}},"16":{"start":{"line":25,"column":16},"end":{"line":25,"column":38}},"17":{"start":{"line":26,"column":3},"end":{"line":26,"column":80}},"18":{"start":{"line":26,"column":26},"end":{"line":26,"column":80}},"19":{"start":{"line":27,"column":3},"end":{"line":27,"column":45}},"20":{"start":{"line":28,"column":3},"end":{"line":28,"column":72}},"21":{"start":{"line":29,"column":3},"end":{"line":29,"column":25}},"22":{"start":{"line":30,"column":3},"end":{"line":30,"column":14}},"23":{"start":{"line":32,"column":3},"end":{"line":32,"column":12}},"24":{"start":{"line":37,"column":2},"end":{"line":48,"column":3}},"25":{"start":{"line":38,"column":13},"end":{"line":38,"column":80}},"26":{"start":{"line":39,"column":19},"end":{"line":39,"column":41}},"27":{"start":{"line":40,"column":3},"end":{"line":40,"column":75}},"28":{"start":{"line":40,"column":22},"end":{"line":40,"column":75}},"29":{"start":{"line":41,"column":3},"end":{"line":41,"column":64}},"30":{"start":{"line":42,"column":18},"end":{"line":42,"column":40}},"31":{"start":{"line":43,"column":17},"end":{"line":43,"column":60}},"32":{"start":{"line":44,"column":3},"end":{"line":44,"column":85}},"33":{"start":{"line":44,"column":23},"end":{"line":44,"column":85}},"34":{"start":{"line":45,"column":3},"end":{"line":45,"column":14}},"35":{"start":{"line":47,"column":3},"end":{"line":47,"column":12}}},"fnMap":{"0":{"name":"(anonymous_0)","decl":{"start":{"line":10,"column":1},"end":{"line":10,"column":2}},"loc":{"start":{"line":10,"column":34},"end":{"line":18,"column":2}},"line":10},"1":{"name":"(anonymous_1)","decl":{"start":{"line":11,"column":10},"end":{"line":11,"column":11}},"loc":{"start":{"line":11,"column":21},"end":{"line":17,"column":3}},"line":11},"2":{"name":"(anonymous_2)","decl":{"start":{"line":20,"column":1},"end":{"line":20,"column":2}},"loc":{"start":{"line":20,"column":29},"end":{"line":34,"column":2}},"line":20},"3":{"name":"(anonymous_3)","decl":{"start":{"line":36,"column":1},"end":{"line":36,"column":2}},"loc":{"start":{"line":36,"column":34},"end":{"line":49,"column":5}},"line":36}},"branchMap":{"0":{"loc":{"start":{"line":10,"column":13},"end":{"line":10,"column":32}},"type":"default-arg","locations":[{"start":{"line":10,"column":22},"end":{"line":10,"column":32}}],"line":10},"1":{"loc":{"start":{"line":22,"column":3},"end":{"line":22,"column":63}},"type":"if","locations":[{"start":{"line":22,"column":3},"end":{"line":22,"column":63}},{"start":{"line":22,"column":3},"end":{"line":22,"column":63}}],"line":22},"2":{"loc":{"start":{"line":23,"column":3},"end":{"line":23,"column":60}},"type":"if","locations":[{"start":{"line":23,"column":3},"end":{"line":23,"column":60}},{"start":{"line":23,"column":3},"end":{"line":23,"column":60}}],"line":23},"3":{"loc":{"start":{"line":26,"column":3},"end":{"line":26,"column":80}},"type":"if","locations":[{"start":{"line":26,"column":3},"end":{"line":26,"column":80}},{"start":{"line":26,"column":3},"end":{"line":26,"column":80}}],"line":26},"4":{"loc":{"start":{"line":40,"column":3},"end":{"line":40,"column":75}},"type":"if","locations":[{"start":{"line":40,"column":3},"end":{"line":40,"column":75}},{"start":{"line":40,"column":3},"end":{"line":40,"column":75}}],"line":40},"5":{"loc":{"start":{"line":44,"column":3},"end":{"line":44,"column":85}},"type":"if","locations":[{"start":{"line":44,"column":3},"end":{"line":44,"column":85}},{"start":{"line":44,"column":3},"end":{"line":44,"column":85}}],"line":44}},"s":{"0":1,"1":1,"2":1,"3":1,"4":1,"5":7,"6":7,"7":7,"8":7,"9":7,"10":8,"11":8,"12":1,"13":7,"14":1,"15":6,"16":6,"17":6,"18":1,"19":5,"20":5,"21":5,"22":5,"23":3,"24":3,"25":3,"26":3,"27":3,"28":1,"29":2,"30":2,"31":2,"32":2,"33":1,"34":1,"35":2},"f":{"0":7,"1":7,"2":8,"3":3},"b":{"0":[7],"1":[1,7],"2":[1,6],"3":[1,5],"4":[1,2],"5":[1,1]},"_coverageSchema":"43e27e138ebf9cfc5966b082cf9a028302ed4184","hash":"f30227bee22742ec16e7817b2d3d0dd5bfa4a41c"}
,"C:\\Users\\Richeng Cheng\\Desktop\\340CT - Software Quality and Process Management\\8887597-chengr5\\modules\\user.js": {"path":"C:\\Users\\Richeng Cheng\\Desktop\\340CT - Software Quality and Process Management\\8887597-chengr5\\modules\\user.js","statementMap":{"0":{"start":{"line":4,"column":15},"end":{"line":4,"column":40}},"1":{"start":{"line":6,"column":13},"end":{"line":6,"column":34}},"2":{"start":{"line":7,"column":15},"end":{"line":7,"column":38}},"3":{"start":{"line":8,"column":19},"end":{"line":8,"column":21}},"4":{"start":{"line":10,"column":0},"end":{"line":55,"column":1}},"5":{"start":{"line":13,"column":2},"end":{"line":19,"column":6}},"6":{"start":{"line":14,"column":3},"end":{"line":14,"column":38}},"7":{"start":{"line":16,"column":15},"end":{"line":16,"column":111}},"8":{"start":{"line":17,"column":3},"end":{"line":17,"column":25}},"9":{"start":{"line":18,"column":3},"end":{"line":18,"column":14}},"10":{"start":{"line":24,"column":2},"end":{"line":36,"column":3}},"11":{"start":{"line":25,"column":3},"end":{"line":25,"column":60}},"12":{"start":{"line":25,"column":25},"end":{"line":25,"column":60}},"13":{"start":{"line":26,"column":3},"end":{"line":26,"column":60}},"14":{"start":{"line":26,"column":25},"end":{"line":26,"column":60}},"15":{"start":{"line":27,"column":13},"end":{"line":27,"column":75}},"16":{"start":{"line":28,"column":16},"end":{"line":28,"column":38}},"17":{"start":{"line":29,"column":3},"end":{"line":29,"column":78}},"18":{"start":{"line":29,"column":26},"end":{"line":29,"column":78}},"19":{"start":{"line":30,"column":3},"end":{"line":30,"column":45}},"20":{"start":{"line":31,"column":3},"end":{"line":31,"column":69}},"21":{"start":{"line":32,"column":3},"end":{"line":32,"column":25}},"22":{"start":{"line":33,"column":3},"end":{"line":33,"column":14}},"23":{"start":{"line":35,"column":3},"end":{"line":35,"column":12}},"24":{"start":{"line":41,"column":2},"end":{"line":52,"column":3}},"25":{"start":{"line":42,"column":13},"end":{"line":42,"column":77}},"26":{"start":{"line":43,"column":19},"end":{"line":43,"column":41}},"27":{"start":{"line":44,"column":3},"end":{"line":44,"column":73}},"28":{"start":{"line":44,"column":22},"end":{"line":44,"column":73}},"29":{"start":{"line":45,"column":3},"end":{"line":45,"column":61}},"30":{"start":{"line":46,"column":18},"end":{"line":46,"column":40}},"31":{"start":{"line":47,"column":17},"end":{"line":47,"column":60}},"32":{"start":{"line":48,"column":3},"end":{"line":48,"column":84}},"33":{"start":{"line":48,"column":23},"end":{"line":48,"column":84}},"34":{"start":{"line":49,"column":3},"end":{"line":49,"column":14}},"35":{"start":{"line":51,"column":3},"end":{"line":51,"column":12}}},"fnMap":{"0":{"name":"(anonymous_0)","decl":{"start":{"line":12,"column":1},"end":{"line":12,"column":2}},"loc":{"start":{"line":12,"column":34},"end":{"line":20,"column":2}},"line":12},"1":{"name":"(anonymous_1)","decl":{"start":{"line":13,"column":10},"end":{"line":13,"column":11}},"loc":{"start":{"line":13,"column":21},"end":{"line":19,"column":3}},"line":13},"2":{"name":"(anonymous_2)","decl":{"start":{"line":23,"column":1},"end":{"line":23,"column":2}},"loc":{"start":{"line":23,"column":28},"end":{"line":37,"column":2}},"line":23},"3":{"name":"(anonymous_3)","decl":{"start":{"line":40,"column":1},"end":{"line":40,"column":2}},"loc":{"start":{"line":40,"column":33},"end":{"line":53,"column":2}},"line":40}},"branchMap":{"0":{"loc":{"start":{"line":12,"column":13},"end":{"line":12,"column":32}},"type":"default-arg","locations":[{"start":{"line":12,"column":22},"end":{"line":12,"column":32}}],"line":12},"1":{"loc":{"start":{"line":25,"column":3},"end":{"line":25,"column":60}},"type":"if","locations":[{"start":{"line":25,"column":3},"end":{"line":25,"column":60}},{"start":{"line":25,"column":3},"end":{"line":25,"column":60}}],"line":25},"2":{"loc":{"start":{"line":26,"column":3},"end":{"line":26,"column":60}},"type":"if","locations":[{"start":{"line":26,"column":3},"end":{"line":26,"column":60}},{"start":{"line":26,"column":3},"end":{"line":26,"column":60}}],"line":26},"3":{"loc":{"start":{"line":29,"column":3},"end":{"line":29,"column":78}},"type":"if","locations":[{"start":{"line":29,"column":3},"end":{"line":29,"column":78}},{"start":{"line":29,"column":3},"end":{"line":29,"column":78}}],"line":29},"4":{"loc":{"start":{"line":44,"column":3},"end":{"line":44,"column":73}},"type":"if","locations":[{"start":{"line":44,"column":3},"end":{"line":44,"column":73}},{"start":{"line":44,"column":3},"end":{"line":44,"column":73}}],"line":44},"5":{"loc":{"start":{"line":48,"column":3},"end":{"line":48,"column":84}},"type":"if","locations":[{"start":{"line":48,"column":3},"end":{"line":48,"column":84}},{"start":{"line":48,"column":3},"end":{"line":48,"column":84}}],"line":48}},"s":{"0":1,"1":1,"2":1,"3":1,"4":1,"5":7,"6":7,"7":7,"8":7,"9":7,"10":8,"11":8,"12":1,"13":7,"14":1,"15":6,"16":6,"17":6,"18":1,"19":5,"20":5,"21":5,"22":5,"23":3,"24":3,"25":3,"26":3,"27":3,"28":1,"29":2,"30":2,"31":2,"32":2,"33":1,"34":1,"35":2},"f":{"0":7,"1":7,"2":8,"3":3},"b":{"0":[7],"1":[1,7],"2":[1,6],"3":[1,5],"4":[1,2],"5":[1,1]},"_coverageSchema":"43e27e138ebf9cfc5966b082cf9a028302ed4184","hash":"0db8a13908691e070fd401542afe6c6dbd9a9c47"}
}
