TN:
SF:C:\Users\Richeng Cheng\Desktop\340CT - Software Quality and Process Management\8887597-chengr5\modules\LearningContent.js
FN:11,(anonymous_0)
FN:12,(anonymous_1)
FN:21,(anonymous_2)
FN:40,(anonymous_3)
FN:56,(anonymous_4)
FN:76,(anonymous_5)
FN:90,(anonymous_6)
FN:98,(anonymous_7)
FN:110,(anonymous_8)
FN:120,(anonymous_9)
FN:129,(anonymous_10)
FNF:11
FNH:11
FNDA:19,(anonymous_0)
FNDA:19,(anonymous_1)
FNDA:2,(anonymous_2)
FNDA:2,(anonymous_3)
FNDA:2,(anonymous_4)
FNDA:17,(anonymous_5)
FNDA:4,(anonymous_6)
FNDA:1,(anonymous_7)
FNDA:2,(anonymous_8)
FNDA:1,(anonymous_9)
FNDA:5,(anonymous_10)
DA:4,1
DA:5,1
DA:6,1
DA:7,1
DA:9,1
DA:12,19
DA:13,19
DA:15,19
DA:16,19
DA:17,19
DA:22,2
DA:24,2
DA:25,1
DA:27,1
DA:28,1
DA:29,1
DA:30,1
DA:34,1
DA:41,2
DA:42,2
DA:43,1
DA:45,1
DA:47,1
DA:48,1
DA:51,1
DA:57,2
DA:60,2
DA:61,1
DA:64,1
DA:66,1
DA:68,1
DA:71,1
DA:77,17
DA:78,17
DA:79,16
DA:80,15
DA:81,14
DA:82,14
DA:83,14
DA:85,3
DA:92,4
DA:93,4
DA:94,4
DA:101,1
DA:104,1
DA:106,1
DA:113,2
DA:114,2
DA:116,2
DA:122,1
DA:123,1
DA:125,1
DA:130,5
DA:133,5
DA:135,4
DA:138,4
DA:140,4
DA:141,1
DA:145,3
DA:147,1
DA:150,1
DA:153,2
DA:157,2
DA:160,3
DA:164,2
LF:65
LH:65
BRDA:11,0,0,19
BRDA:24,1,0,1
BRDA:24,1,1,1
BRDA:42,2,0,1
BRDA:42,2,1,1
BRDA:60,3,0,1
BRDA:60,3,1,1
BRDA:78,4,0,1
BRDA:78,4,1,16
BRDA:79,5,0,1
BRDA:79,5,1,15
BRDA:80,6,0,1
BRDA:80,6,1,14
BRDA:133,7,0,1
BRDA:133,7,1,4
BRDA:140,8,0,1
BRDA:140,8,1,3
BRDA:145,9,0,1
BRDA:145,9,1,2
BRF:19
BRH:19
end_of_record
TN:
SF:C:\Users\Richeng Cheng\Desktop\340CT - Software Quality and Process Management\8887597-chengr5\modules\QuestionContent.js
FN:14,(anonymous_0)
FN:15,(anonymous_1)
FN:26,(anonymous_2)
FN:43,(anonymous_3)
FN:53,(anonymous_4)
FN:62,(anonymous_5)
FN:71,(anonymous_6)
FN:82,(anonymous_7)
FN:93,(anonymous_8)
FNF:9
FNH:9
FNDA:7,(anonymous_0)
FNDA:7,(anonymous_1)
FNDA:1,(anonymous_2)
FNDA:3,(anonymous_3)
FNDA:2,(anonymous_4)
FNDA:18,(anonymous_5)
FNDA:1,(anonymous_6)
FNDA:1,(anonymous_7)
FNDA:1,(anonymous_8)
DA:4,1
DA:6,1
DA:7,1
DA:10,1
DA:15,7
DA:16,7
DA:18,7
DA:19,7
DA:20,7
DA:29,1
DA:30,1
DA:32,1
DA:34,1
DA:36,1
DA:45,3
DA:46,3
DA:47,3
DA:55,2
DA:56,2
DA:57,2
DA:64,18
DA:66,18
DA:75,1
DA:77,1
DA:78,1
DA:84,1
DA:87,1
DA:88,1
DA:89,1
DA:95,1
DA:96,1
DA:97,1
LF:32
LH:32
BRDA:14,0,0,7
BRF:1
BRH:1
end_of_record
TN:
SF:C:\Users\Richeng Cheng\Desktop\340CT - Software Quality and Process Management\8887597-chengr5\modules\Score.js
FN:11,(anonymous_0)
FN:12,(anonymous_1)
FN:22,(anonymous_2)
FN:35,(anonymous_3)
FN:45,(anonymous_4)
FNF:5
FNH:5
FNDA:2,(anonymous_0)
FNDA:2,(anonymous_1)
FNDA:1,(anonymous_2)
FNDA:3,(anonymous_3)
FNDA:1,(anonymous_4)
DA:3,1
DA:4,1
DA:5,1
DA:8,1
DA:12,2
DA:13,2
DA:15,2
DA:16,2
DA:17,2
DA:24,1
DA:25,1
DA:26,1
DA:27,1
DA:28,1
DA:37,3
DA:38,3
DA:39,3
DA:40,3
DA:41,3
DA:47,1
DA:50,1
DA:51,1
DA:52,1
LF:23
LH:23
BRDA:11,0,0,2
BRF:1
BRH:1
end_of_record
TN:
SF:C:\Users\Richeng Cheng\Desktop\340CT - Software Quality and Process Management\8887597-chengr5\modules\admin.js
FN:10,(anonymous_0)
FN:11,(anonymous_1)
FN:20,(anonymous_2)
FN:36,(anonymous_3)
FNF:4
FNH:4
FNDA:7,(anonymous_0)
FNDA:7,(anonymous_1)
FNDA:8,(anonymous_2)
FNDA:3,(anonymous_3)
DA:3,1
DA:4,1
DA:5,1
DA:6,1
DA:8,1
DA:11,7
DA:12,7
DA:14,7
DA:15,7
DA:16,7
DA:21,8
DA:22,8
DA:23,7
DA:24,6
DA:25,6
DA:26,6
DA:27,5
DA:28,5
DA:29,5
DA:30,5
DA:32,3
DA:37,3
DA:38,3
DA:39,3
DA:40,3
DA:41,2
DA:42,2
DA:43,2
DA:44,2
DA:45,1
DA:47,2
LF:31
LH:31
BRDA:10,0,0,7
BRDA:22,1,0,1
BRDA:22,1,1,7
BRDA:23,2,0,1
BRDA:23,2,1,6
BRDA:26,3,0,1
BRDA:26,3,1,5
BRDA:40,4,0,1
BRDA:40,4,1,2
BRDA:44,5,0,1
BRDA:44,5,1,1
BRF:11
BRH:11
end_of_record
TN:
SF:C:\Users\Richeng Cheng\Desktop\340CT - Software Quality and Process Management\8887597-chengr5\modules\user.js
FN:12,(anonymous_0)
FN:13,(anonymous_1)
FN:23,(anonymous_2)
FN:40,(anonymous_3)
FNF:4
FNH:4
FNDA:7,(anonymous_0)
FNDA:7,(anonymous_1)
FNDA:8,(anonymous_2)
FNDA:3,(anonymous_3)
DA:4,1
DA:6,1
DA:7,1
DA:8,1
DA:10,1
DA:13,7
DA:14,7
DA:16,7
DA:17,7
DA:18,7
DA:24,8
DA:25,8
DA:26,7
DA:27,6
DA:28,6
DA:29,6
DA:30,5
DA:31,5
DA:32,5
DA:33,5
DA:35,3
DA:41,3
DA:42,3
DA:43,3
DA:44,3
DA:45,2
DA:46,2
DA:47,2
DA:48,2
DA:49,1
DA:51,2
LF:31
LH:31
BRDA:12,0,0,7
BRDA:25,1,0,1
BRDA:25,1,1,7
BRDA:26,2,0,1
BRDA:26,2,1,6
BRDA:29,3,0,1
BRDA:29,3,1,5
BRDA:44,4,0,1
BRDA:44,4,1,2
BRDA:48,5,0,1
BRDA:48,5,1,1
BRF:11
BRH:11
end_of_record
